<?xml version="1.0" encoding="UTF-8"?>
<!-- Generated by org.testng.reporters.JUnitReportReporter -->
<testsuite skipped="0" hostname="LAPTOP-4787RIJ8" name="Test.PriceComparisonTest" tests="8" failures="0" timestamp="2020-01-06T13:23:33 IST" time="118.533" errors="0">
  <testcase name="homePage" time="64.748" classname="Test.PriceComparisonTest"/>
  <testcase name="navigate_to_amazonPage" time="1.454" classname="Test.PriceComparisonTest"/>
  <testcase name="enteringValueInSearch" time="12.806" classname="Test.PriceComparisonTest"/>
  <testcase name="getting_the_price_of_the_phone" time="2.757" classname="Test.PriceComparisonTest"/>
  <testcase name="navigate_to_flipkartPage" time="28.542" classname="Test.PriceComparisonTest"/>
  <testcase name="enterValueInSearchBox" time="3.230" classname="Test.PriceComparisonTest"/>
  <testcase name="phone_price" time="4.366" classname="Test.PriceComparisonTest"/>
  <testcase name="priceComparison" time="0.630" classname="Test.PriceComparisonTest"/>
</testsuite> <!-- Test.PriceComparisonTest -->
